lerna(info)    Lerna v2.0.0-beta.30
lerna(info)    Independent Versioning Mode
lerna(debug)   Attempting running BootstrapCommand.initialize
lerna(debug)   Successfully ran BootstrapCommand.initialize
lerna(debug)   Attempting running BootstrapCommand.execute
lerna(info)    Bootstrapping 3 packages
lerna(info)    Installing external dependencies
lerna(info)    Symlinking packages and binaries
lerna(info)    Prepublishing packages
lerna(error)   Errored while running BootstrapCommand.execute
    Error: Command failed: npm run prepublish 
    Could not resolve './Mailboxes' from /Users/alexey/oss/messages/packages/message-dispatcher/index.js
    Error: Could not resolve './Mailboxes' from /Users/alexey/oss/messages/packages/message-dispatcher/index.js
        at /Users/alexey/oss/messages/packages/message-dispatcher/node_modules/rollup/src/Bundle.js:340:41
        at process._tickCallback (internal/process/next_tick.js:103:7)
        at Module.runMain (module.js:609:11)
        at run (bootstrap_node.js:382:7)
        at startup (bootstrap_node.js:137:9)
        at bootstrap_node.js:497:3
    Type rollup --help for help, or visit https://github.com/rollup/rollup/wiki
    
    npm ERR! Darwin 14.5.0
    npm ERR! argv "/Users/alexey/.nvm/versions/node/v7.0.0/bin/node" "/Users/alexey/.nvm/versions/node/v7.0.0/bin/npm" "run" "prepublish"
    npm ERR! node v7.0.0
    npm ERR! npm  v3.10.8
    npm ERR! code ELIFECYCLE
    npm ERR! message-dispatcher@0.0.0 prepublish: `rollup --format cjs --external execution-context index.js > message-dispatcher.js`
    npm ERR! Exit status 1
    npm ERR! 
    npm ERR! Failed at the message-dispatcher@0.0.0 prepublish script 'rollup --format cjs --external execution-context index.js > message-dispatcher.js'.
    npm ERR! Make sure you have the latest version of node.js and npm installed.
    npm ERR! If you do, this is most likely a problem with the message-dispatcher package,
    npm ERR! not with npm itself.
    npm ERR! Tell the author that this fails on your system:
    npm ERR!     rollup --format cjs --external execution-context index.js > message-dispatcher.js
    npm ERR! You can get information on how to open an issue for this project with:
    npm ERR!     npm bugs message-dispatcher
    npm ERR! Or if that isn't available, you can get their info via:
    npm ERR!     npm owner ls message-dispatcher
    npm ERR! There is likely additional logging output above.
    
    npm ERR! Please include the following file with any support request:
    npm ERR!     /Users/alexey/oss/messages/packages/message-dispatcher/npm-debug.log
    
        at ChildProcess.exithandler (child_process.js:211:12)
        at emitTwo (events.js:106:13)
        at ChildProcess.emit (events.js:191:7)
        at maybeClose (internal/child_process.js:877:16)
        at Process.ChildProcess._handle.onexit (internal/child_process.js:226:5)
